<?xml version="1.0" encoding="UTF-8"?>
<!-- Generated by org.testng.reporters.JUnitXMLReporter -->
<testsuite ignored="0" hostname="ALIPL0258" failures="0" tests="5" name="Car Loan" time="0.111" errors="0" timestamp="2021-06-13T08:02:47 IST">
  <testcase classname="test.Day3" name="apiLoginCarLoan" time="0.011"/>
  <testcase classname="test.Day3" name="mobileLoginCarLoan" time="0.002"/>
  <testcase classname="test.Day3" name="mobileSigninCarLoan" time="0.005"/>
  <testcase classname="test.Day3" name="mobileSignoutCarLoan" time="0.001"/>
  <testcase classname="test.Day3" name="webLoginCarLoan" time="0.002"/>
</testsuite> <!-- Car Loan -->
