<?xml version="1.0" encoding="UTF-8"?>
<!-- Generated by org.testng.reporters.JUnitXMLReporter -->
<testsuite ignored="0" hostname="ALIPL0258" failures="0" tests="9" name="Personal Loan" time="0.113" errors="0" timestamp="2021-06-13T08:02:47 IST">
  <testcase classname="test.Day4" name="apiLoginHomeLoan" time="0.003"/>
  <testcase classname="test.Day2" name="demo" time="0.008"/>
  <testcase classname="test.Day01" name="demo" time="0.013"/>
  <testcase classname="test.Day01" name="demo2" time="0.003"/>
  <testcase classname="test.Day4" name="mobileLoginHomeLoan" time="0.002"/>
  <testcase classname="test.Day4" name="testParamterization" time="0.005"/>
  <testcase classname="test.Day4" name="testParamterization" time="0.003"/>
  <testcase classname="test.Day4" name="testParamterization" time="0.004"/>
  <testcase classname="test.Day4" name="webLoginHomeLoan" time="0.002"/>
</testsuite> <!-- Personal Loan -->
